<?xml version="1.0" encoding="UTF-8"?>
<testng-results ignored="0" total="1" passed="1" failed="0" skipped="0">
  <reporter-output>
  </reporter-output>
  <suite started-at="2023-12-30T12:31:33 IST" name="Default suite" finished-at="2023-12-30T12:31:38 IST" duration-ms="5033">
    <groups>
    </groups>
    <test started-at="2023-12-30T12:31:33 IST" name="Default test" finished-at="2023-12-30T12:31:38 IST" duration-ms="5033">
      <class name="com.uPractice.Extract_Response_Headers">
        <test-method signature="test()[pri:0, instance:com.uPractice.Extract_Response_Headers@483f6d77]" started-at="2023-12-30T12:31:33 IST" name="test" finished-at="2023-12-30T12:31:38 IST" duration-ms="4992" status="PASS">
          <reporter-output>
          </reporter-output>
        </test-method> <!-- test -->
      </class> <!-- com.uPractice.Extract_Response_Headers -->
    </test> <!-- Default test -->
  </suite> <!-- Default suite -->
</testng-results>
