<?xml version="1.0" encoding="UTF-8"?>
<testng-results ignored="0" total="1" passed="1" failed="0" skipped="0">
  <reporter-output>
  </reporter-output>
  <suite started-at="2023-09-18T22:29:42 IST" name="Default suite" finished-at="2023-09-18T22:29:44 IST" duration-ms="2408">
    <groups>
    </groups>
    <test started-at="2023-09-18T22:29:42 IST" name="Default test" finished-at="2023-09-18T22:29:44 IST" duration-ms="2408">
      <class name="Practice.BodyValid">
        <test-method signature="test()[pri:0, instance:Practice.BodyValid@10feca44]" started-at="2023-09-18T22:29:42 IST" name="test" finished-at="2023-09-18T22:29:44 IST" duration-ms="2347" status="PASS">
          <reporter-output>
          </reporter-output>
        </test-method> <!-- test -->
      </class> <!-- Practice.BodyValid -->
    </test> <!-- Default test -->
  </suite> <!-- Default suite -->
</testng-results>
